<?xml version="1.0" encoding="UTF-8"?>
<!-- Generated by org.testng.reporters.JUnitXMLReporter -->
<testsuite ignored="3" hostname="DESKTOP-0P0EEEV" failures="1" tests="2" name="Test" time="32.114" errors="0" timestamp="2021-08-19T15:08:31 IST">
  <testcase classname="Com.Vtiger.Vtiger_Create_Contact" name="createContact" time="18.925"/>
  <testcase classname="Com.Vtiger.Vtiger_more_salesOrder" name="tc1" time="0.006">
    <failure type="java.lang.NullPointerException" message="Cannot invoke &amp;quot;org.openqa.selenium.SearchContext.findElement(org.openqa.selenium.By)&amp;quot; because &amp;quot;this.searchContext&amp;quot; is null">
      <![CDATA[java.lang.NullPointerException: Cannot invoke "org.openqa.selenium.SearchContext.findElement(org.openqa.selenium.By)" because "this.searchContext" is null
at org.openqa.selenium.support.pagefactory.DefaultElementLocator.findElement(DefaultElementLocator.java:69)
at org.openqa.selenium.support.pagefactory.internal.LocatingElementHandler.invoke(LocatingElementHandler.java:38)
at jdk.proxy2/jdk.proxy2.$Proxy15.sendKeys(Unknown Source)
at Com.Vtiger.Vtiger_more_salesOrder.tc1(Vtiger_more_salesOrder.java:20)
at java.base/java.util.ArrayList.forEach(ArrayList.java:1511)
... Removed 27 stack frames]]>
    </failure>
  </testcase> <!-- tc1 -->
  <testcase classname="com.generic.util.BaseClass" name="@BeforeSuite setup_JDBC_Report" time="0.0">
    <ignored/>
  </testcase> <!-- @BeforeSuite setup_JDBC_Report -->
  <testcase classname="com.generic.util.BaseClass" name="@AfterSuite setup_JDBC_Report_close" time="0.0">
    <ignored/>
  </testcase> <!-- @AfterSuite setup_JDBC_Report_close -->
  <testcase classname="Com.Vtiger.Vtiger_Create_org" name="Create" time="0.0">
    <ignored/>
  </testcase> <!-- Create -->
</testsuite> <!-- Test -->
